2019-03-08 13:39:13 DEBUG SpringJUnit4ClassRunner:139 - SpringJUnit4ClassRunner constructor called with [class com.spring.aop.UserDaoTest]
2019-03-08 13:39:13 DEBUG BootstrapUtils:96 - Instantiating CacheAwareContextLoaderDelegate from class [org.springframework.test.context.cache.DefaultCacheAwareContextLoaderDelegate]
2019-03-08 13:39:13 DEBUG BootstrapUtils:79 - Instantiating BootstrapContext using constructor [public org.springframework.test.context.support.DefaultBootstrapContext(java.lang.Class,org.springframework.test.context.CacheAwareContextLoaderDelegate)]
2019-03-08 13:39:13 DEBUG BootstrapUtils:132 - Instantiating TestContextBootstrapper for test class [com.spring.aop.UserDaoTest] from class [org.springframework.test.context.support.DefaultTestContextBootstrapper]
2019-03-08 13:39:13 DEBUG AbstractDelegatingSmartContextLoader:263 - Delegating to GenericXmlContextLoader to process context configuration [ContextConfigurationAttributes@c7a4e4 declaringClass = 'com.spring.aop.UserDaoTest', classes = '{}', locations = '{/user.xml}', inheritLocations = true, initializers = '{}', inheritInitializers = true, name = [null], contextLoaderClass = 'org.springframework.test.context.ContextLoader'].
2019-03-08 13:39:13 DEBUG ActiveProfilesUtils:79 - Could not find an 'annotation declaring class' for annotation type [org.springframework.test.context.ActiveProfiles] and class [com.spring.aop.UserDaoTest]
2019-03-08 13:39:13 DEBUG DefaultTestContextBootstrapper:125 - @TestExecutionListeners is not present for class [com.spring.aop.UserDaoTest]: using defaults.
2019-03-08 13:39:13  INFO DefaultTestContextBootstrapper:248 - Loaded default TestExecutionListener class names from location [META-INF/spring.factories]: [org.springframework.test.context.web.ServletTestExecutionListener, org.springframework.test.context.support.DirtiesContextBeforeModesTestExecutionListener, org.springframework.test.context.support.DependencyInjectionTestExecutionListener, org.springframework.test.context.support.DirtiesContextTestExecutionListener, org.springframework.test.context.transaction.TransactionalTestExecutionListener, org.springframework.test.context.jdbc.SqlScriptsTestExecutionListener]
2019-03-08 13:39:13 DEBUG DefaultTestContextBootstrapper:192 - Skipping candidate TestExecutionListener [org.springframework.test.context.web.ServletTestExecutionListener] due to a missing dependency. Specify custom listener classes or make the default listener classes and their required dependencies available. Offending class: [javax/servlet/ServletContext]
2019-03-08 13:39:13 DEBUG DefaultTestContextBootstrapper:192 - Skipping candidate TestExecutionListener [org.springframework.test.context.transaction.TransactionalTestExecutionListener] due to a missing dependency. Specify custom listener classes or make the default listener classes and their required dependencies available. Offending class: [org/springframework/transaction/TransactionDefinition]
2019-03-08 13:39:13 DEBUG DefaultTestContextBootstrapper:192 - Skipping candidate TestExecutionListener [org.springframework.test.context.jdbc.SqlScriptsTestExecutionListener] due to a missing dependency. Specify custom listener classes or make the default listener classes and their required dependencies available. Offending class: [org/springframework/transaction/interceptor/TransactionAttribute]
2019-03-08 13:39:13  INFO DefaultTestContextBootstrapper:177 - Using TestExecutionListeners: [org.springframework.test.context.support.DirtiesContextBeforeModesTestExecutionListener@13b32d7, org.springframework.test.context.support.DependencyInjectionTestExecutionListener@42a311, org.springframework.test.context.support.DirtiesContextTestExecutionListener@8e7350]
2019-03-08 13:39:13 DEBUG ProfileValueUtils:70 - Retrieved @ProfileValueSourceConfiguration [null] for test class [com.spring.aop.UserDaoTest]
2019-03-08 13:39:13 DEBUG ProfileValueUtils:83 - Retrieved ProfileValueSource type [class org.springframework.test.annotation.SystemProfileValueSource] for class [com.spring.aop.UserDaoTest]
2019-03-08 13:39:13 DEBUG ProfileValueUtils:70 - Retrieved @ProfileValueSourceConfiguration [null] for test class [com.spring.aop.UserDaoTest]
2019-03-08 13:39:13 DEBUG ProfileValueUtils:83 - Retrieved ProfileValueSource type [class org.springframework.test.annotation.SystemProfileValueSource] for class [com.spring.aop.UserDaoTest]
2019-03-08 13:39:13 DEBUG ProfileValueUtils:70 - Retrieved @ProfileValueSourceConfiguration [null] for test class [com.spring.aop.UserDaoTest]
2019-03-08 13:39:13 DEBUG ProfileValueUtils:83 - Retrieved ProfileValueSource type [class org.springframework.test.annotation.SystemProfileValueSource] for class [com.spring.aop.UserDaoTest]
2019-03-08 13:39:13 DEBUG ProfileValueUtils:70 - Retrieved @ProfileValueSourceConfiguration [null] for test class [com.spring.aop.UserDaoTest]
2019-03-08 13:39:13 DEBUG ProfileValueUtils:83 - Retrieved ProfileValueSource type [class org.springframework.test.annotation.SystemProfileValueSource] for class [com.spring.aop.UserDaoTest]
2019-03-08 13:39:13 DEBUG AbstractDirtiesContextTestExecutionListener:142 - Before test class: context [DefaultTestContext@102b3b1 testClass = UserDaoTest, testInstance = [null], testMethod = [null], testException = [null], mergedContextConfiguration = [MergedContextConfiguration@1ea3742 testClass = UserDaoTest, locations = '{classpath:/user.xml}', classes = '{}', contextInitializerClasses = '[]', activeProfiles = '{}', propertySourceLocations = '{}', propertySourceProperties = '{}', contextCustomizers = set[[empty]], contextLoader = 'org.springframework.test.context.support.DelegatingSmartContextLoader', parent = [null]], attributes = map[[empty]]], class annotated with @DirtiesContext [false] with mode [null].
2019-03-08 13:39:13 DEBUG ProfileValueUtils:70 - Retrieved @ProfileValueSourceConfiguration [null] for test class [com.spring.aop.UserDaoTest]
2019-03-08 13:39:13 DEBUG ProfileValueUtils:83 - Retrieved ProfileValueSource type [class org.springframework.test.annotation.SystemProfileValueSource] for class [com.spring.aop.UserDaoTest]
2019-03-08 13:39:13 DEBUG DependencyInjectionTestExecutionListener:81 - Performing dependency injection for test context [[DefaultTestContext@102b3b1 testClass = UserDaoTest, testInstance = com.spring.aop.UserDaoTest@25a98f, testMethod = [null], testException = [null], mergedContextConfiguration = [MergedContextConfiguration@1ea3742 testClass = UserDaoTest, locations = '{classpath:/user.xml}', classes = '{}', contextInitializerClasses = '[]', activeProfiles = '{}', propertySourceLocations = '{}', propertySourceProperties = '{}', contextCustomizers = set[[empty]], contextLoader = 'org.springframework.test.context.support.DelegatingSmartContextLoader', parent = [null]], attributes = map[[empty]]]].
2019-03-08 13:39:13 DEBUG AbstractDelegatingSmartContextLoader:273 - Delegating to GenericXmlContextLoader to load context from [MergedContextConfiguration@1ea3742 testClass = UserDaoTest, locations = '{classpath:/user.xml}', classes = '{}', contextInitializerClasses = '[]', activeProfiles = '{}', propertySourceLocations = '{}', propertySourceProperties = '{}', contextCustomizers = set[[empty]], contextLoader = 'org.springframework.test.context.support.DelegatingSmartContextLoader', parent = [null]].
2019-03-08 13:39:13 DEBUG AbstractGenericContextLoader:109 - Loading ApplicationContext for merged context configuration [[MergedContextConfiguration@1ea3742 testClass = UserDaoTest, locations = '{classpath:/user.xml}', classes = '{}', contextInitializerClasses = '[]', activeProfiles = '{}', propertySourceLocations = '{}', propertySourceProperties = '{}', contextCustomizers = set[[empty]], contextLoader = 'org.springframework.test.context.support.DelegatingSmartContextLoader', parent = [null]]].
2019-03-08 13:39:13 DEBUG StandardEnvironment:252 - Activating profiles []
2019-03-08 13:39:14 DEBUG XmlBeanDefinitionReader:395 - Loaded 5 bean definitions from class path resource [user.xml]
2019-03-08 13:39:14 DEBUG GenericApplicationContext:594 - Refreshing org.springframework.context.support.GenericApplicationContext@10143d3
2019-03-08 13:39:14 DEBUG DefaultListableBeanFactory:213 - Creating shared instance of singleton bean 'org.springframework.context.annotation.internalConfigurationAnnotationProcessor'
2019-03-08 13:39:14 DEBUG DefaultListableBeanFactory:213 - Creating shared instance of singleton bean 'org.springframework.context.event.internalEventListenerProcessor'
2019-03-08 13:39:14 DEBUG DefaultListableBeanFactory:213 - Creating shared instance of singleton bean 'org.springframework.context.event.internalEventListenerFactory'
2019-03-08 13:39:14 DEBUG DefaultListableBeanFactory:213 - Creating shared instance of singleton bean 'org.springframework.context.annotation.internalAutowiredAnnotationProcessor'
2019-03-08 13:39:14 DEBUG DefaultListableBeanFactory:213 - Creating shared instance of singleton bean 'org.springframework.context.annotation.internalCommonAnnotationProcessor'
2019-03-08 13:39:14 DEBUG DefaultListableBeanFactory:213 - Creating shared instance of singleton bean 'org.springframework.aop.config.internalAutoProxyCreator'
2019-03-08 13:39:14 DEBUG DefaultListableBeanFactory:213 - Creating shared instance of singleton bean 'userDao'
2019-03-08 13:39:14 DEBUG DefaultListableBeanFactory:213 - Creating shared instance of singleton bean 'org.springframework.aop.aspectj.AspectJPointcutAdvisor#0'
2019-03-08 13:39:14 DEBUG DefaultListableBeanFactory:213 - Creating shared instance of singleton bean 'beforeAdvice'
2019-03-08 13:39:15 DEBUG DefaultCacheAwareContextLoaderDelegate:119 - Storing ApplicationContext in cache under key [[MergedContextConfiguration@1ea3742 testClass = UserDaoTest, locations = '{classpath:/user.xml}', classes = '{}', contextInitializerClasses = '[]', activeProfiles = '{}', propertySourceLocations = '{}', propertySourceProperties = '{}', contextCustomizers = set[[empty]], contextLoader = 'org.springframework.test.context.support.DelegatingSmartContextLoader', parent = [null]]]
2019-03-08 13:39:15 DEBUG cache:290 - Spring test ApplicationContext cache statistics: [DefaultContextCache@36eb5f size = 1, maxSize = 32, parentContextCount = 0, hitCount = 0, missCount = 1]
2019-03-08 13:39:15 DEBUG AbstractDirtiesContextTestExecutionListener:107 - Before test method: context [DefaultTestContext@102b3b1 testClass = UserDaoTest, testInstance = com.spring.aop.UserDaoTest@25a98f, testMethod = insert@UserDaoTest, testException = [null], mergedContextConfiguration = [MergedContextConfiguration@1ea3742 testClass = UserDaoTest, locations = '{classpath:/user.xml}', classes = '{}', contextInitializerClasses = '[]', activeProfiles = '{}', propertySourceLocations = '{}', propertySourceProperties = '{}', contextCustomizers = set[[empty]], contextLoader = 'org.springframework.test.context.support.DelegatingSmartContextLoader', parent = [null]], attributes = map[[empty]]], class annotated with @DirtiesContext [false] with mode [null], method annotated with @DirtiesContext [false] with mode [null].
2019-03-08 13:39:15  INFO BeforeAdvice:10 - 连接数据库。。。
2019-03-08 13:39:15  INFO BeforeAdvice:10 - 开始进入插入操作。。。
2019-03-08 13:39:15 DEBUG AbstractDirtiesContextTestExecutionListener:107 - After test method: context [DefaultTestContext@102b3b1 testClass = UserDaoTest, testInstance = com.spring.aop.UserDaoTest@25a98f, testMethod = insert@UserDaoTest, testException = [null], mergedContextConfiguration = [MergedContextConfiguration@1ea3742 testClass = UserDaoTest, locations = '{classpath:/user.xml}', classes = '{}', contextInitializerClasses = '[]', activeProfiles = '{}', propertySourceLocations = '{}', propertySourceProperties = '{}', contextCustomizers = set[[empty]], contextLoader = 'org.springframework.test.context.support.DelegatingSmartContextLoader', parent = [null]], attributes = map[[empty]]], class annotated with @DirtiesContext [false] with mode [null], method annotated with @DirtiesContext [false] with mode [null].
2019-03-08 13:39:15 DEBUG AbstractDirtiesContextTestExecutionListener:142 - After test class: context [DefaultTestContext@102b3b1 testClass = UserDaoTest, testInstance = [null], testMethod = [null], testException = [null], mergedContextConfiguration = [MergedContextConfiguration@1ea3742 testClass = UserDaoTest, locations = '{classpath:/user.xml}', classes = '{}', contextInitializerClasses = '[]', activeProfiles = '{}', propertySourceLocations = '{}', propertySourceProperties = '{}', contextCustomizers = set[[empty]], contextLoader = 'org.springframework.test.context.support.DelegatingSmartContextLoader', parent = [null]], attributes = map[[empty]]], class annotated with @DirtiesContext [false] with mode [null].
2019-03-08 13:39:15 DEBUG GenericApplicationContext:1002 - Closing org.springframework.context.support.GenericApplicationContext@10143d3, started on Fri Mar 08 13:39:14 CST 2019
2019-03-08 13:59:06 DEBUG SpringJUnit4ClassRunner:139 - SpringJUnit4ClassRunner constructor called with [class com.spring.aop.UserDaoTest]
2019-03-08 13:59:06 DEBUG BootstrapUtils:96 - Instantiating CacheAwareContextLoaderDelegate from class [org.springframework.test.context.cache.DefaultCacheAwareContextLoaderDelegate]
2019-03-08 13:59:06 DEBUG BootstrapUtils:79 - Instantiating BootstrapContext using constructor [public org.springframework.test.context.support.DefaultBootstrapContext(java.lang.Class,org.springframework.test.context.CacheAwareContextLoaderDelegate)]
2019-03-08 13:59:06 DEBUG BootstrapUtils:132 - Instantiating TestContextBootstrapper for test class [com.spring.aop.UserDaoTest] from class [org.springframework.test.context.support.DefaultTestContextBootstrapper]
2019-03-08 13:59:07 DEBUG AbstractDelegatingSmartContextLoader:263 - Delegating to GenericXmlContextLoader to process context configuration [ContextConfigurationAttributes@c7a4e4 declaringClass = 'com.spring.aop.UserDaoTest', classes = '{}', locations = '{/user.xml}', inheritLocations = true, initializers = '{}', inheritInitializers = true, name = [null], contextLoaderClass = 'org.springframework.test.context.ContextLoader'].
2019-03-08 13:59:07 DEBUG ActiveProfilesUtils:79 - Could not find an 'annotation declaring class' for annotation type [org.springframework.test.context.ActiveProfiles] and class [com.spring.aop.UserDaoTest]
2019-03-08 13:59:07 DEBUG DefaultTestContextBootstrapper:125 - @TestExecutionListeners is not present for class [com.spring.aop.UserDaoTest]: using defaults.
2019-03-08 13:59:07  INFO DefaultTestContextBootstrapper:248 - Loaded default TestExecutionListener class names from location [META-INF/spring.factories]: [org.springframework.test.context.web.ServletTestExecutionListener, org.springframework.test.context.support.DirtiesContextBeforeModesTestExecutionListener, org.springframework.test.context.support.DependencyInjectionTestExecutionListener, org.springframework.test.context.support.DirtiesContextTestExecutionListener, org.springframework.test.context.transaction.TransactionalTestExecutionListener, org.springframework.test.context.jdbc.SqlScriptsTestExecutionListener]
2019-03-08 13:59:07 DEBUG DefaultTestContextBootstrapper:192 - Skipping candidate TestExecutionListener [org.springframework.test.context.web.ServletTestExecutionListener] due to a missing dependency. Specify custom listener classes or make the default listener classes and their required dependencies available. Offending class: [javax/servlet/ServletContext]
2019-03-08 13:59:07 DEBUG DefaultTestContextBootstrapper:192 - Skipping candidate TestExecutionListener [org.springframework.test.context.transaction.TransactionalTestExecutionListener] due to a missing dependency. Specify custom listener classes or make the default listener classes and their required dependencies available. Offending class: [org/springframework/transaction/TransactionDefinition]
2019-03-08 13:59:07 DEBUG DefaultTestContextBootstrapper:192 - Skipping candidate TestExecutionListener [org.springframework.test.context.jdbc.SqlScriptsTestExecutionListener] due to a missing dependency. Specify custom listener classes or make the default listener classes and their required dependencies available. Offending class: [org/springframework/transaction/interceptor/TransactionAttribute]
2019-03-08 13:59:07  INFO DefaultTestContextBootstrapper:177 - Using TestExecutionListeners: [org.springframework.test.context.support.DirtiesContextBeforeModesTestExecutionListener@13b32d7, org.springframework.test.context.support.DependencyInjectionTestExecutionListener@42a311, org.springframework.test.context.support.DirtiesContextTestExecutionListener@8e7350]
2019-03-08 13:59:07 DEBUG ProfileValueUtils:70 - Retrieved @ProfileValueSourceConfiguration [null] for test class [com.spring.aop.UserDaoTest]
2019-03-08 13:59:07 DEBUG ProfileValueUtils:83 - Retrieved ProfileValueSource type [class org.springframework.test.annotation.SystemProfileValueSource] for class [com.spring.aop.UserDaoTest]
2019-03-08 13:59:07 DEBUG ProfileValueUtils:70 - Retrieved @ProfileValueSourceConfiguration [null] for test class [com.spring.aop.UserDaoTest]
2019-03-08 13:59:07 DEBUG ProfileValueUtils:83 - Retrieved ProfileValueSource type [class org.springframework.test.annotation.SystemProfileValueSource] for class [com.spring.aop.UserDaoTest]
2019-03-08 13:59:07 DEBUG ProfileValueUtils:70 - Retrieved @ProfileValueSourceConfiguration [null] for test class [com.spring.aop.UserDaoTest]
2019-03-08 13:59:07 DEBUG ProfileValueUtils:83 - Retrieved ProfileValueSource type [class org.springframework.test.annotation.SystemProfileValueSource] for class [com.spring.aop.UserDaoTest]
2019-03-08 13:59:07 DEBUG ProfileValueUtils:70 - Retrieved @ProfileValueSourceConfiguration [null] for test class [com.spring.aop.UserDaoTest]
2019-03-08 13:59:07 DEBUG ProfileValueUtils:83 - Retrieved ProfileValueSource type [class org.springframework.test.annotation.SystemProfileValueSource] for class [com.spring.aop.UserDaoTest]
2019-03-08 13:59:07 DEBUG AbstractDirtiesContextTestExecutionListener:142 - Before test class: context [DefaultTestContext@102b3b1 testClass = UserDaoTest, testInstance = [null], testMethod = [null], testException = [null], mergedContextConfiguration = [MergedContextConfiguration@1ea3742 testClass = UserDaoTest, locations = '{classpath:/user.xml}', classes = '{}', contextInitializerClasses = '[]', activeProfiles = '{}', propertySourceLocations = '{}', propertySourceProperties = '{}', contextCustomizers = set[[empty]], contextLoader = 'org.springframework.test.context.support.DelegatingSmartContextLoader', parent = [null]], attributes = map[[empty]]], class annotated with @DirtiesContext [false] with mode [null].
2019-03-08 13:59:07 DEBUG ProfileValueUtils:70 - Retrieved @ProfileValueSourceConfiguration [null] for test class [com.spring.aop.UserDaoTest]
2019-03-08 13:59:07 DEBUG ProfileValueUtils:83 - Retrieved ProfileValueSource type [class org.springframework.test.annotation.SystemProfileValueSource] for class [com.spring.aop.UserDaoTest]
2019-03-08 13:59:07 DEBUG DependencyInjectionTestExecutionListener:81 - Performing dependency injection for test context [[DefaultTestContext@102b3b1 testClass = UserDaoTest, testInstance = com.spring.aop.UserDaoTest@25a98f, testMethod = [null], testException = [null], mergedContextConfiguration = [MergedContextConfiguration@1ea3742 testClass = UserDaoTest, locations = '{classpath:/user.xml}', classes = '{}', contextInitializerClasses = '[]', activeProfiles = '{}', propertySourceLocations = '{}', propertySourceProperties = '{}', contextCustomizers = set[[empty]], contextLoader = 'org.springframework.test.context.support.DelegatingSmartContextLoader', parent = [null]], attributes = map[[empty]]]].
2019-03-08 13:59:07 DEBUG AbstractDelegatingSmartContextLoader:273 - Delegating to GenericXmlContextLoader to load context from [MergedContextConfiguration@1ea3742 testClass = UserDaoTest, locations = '{classpath:/user.xml}', classes = '{}', contextInitializerClasses = '[]', activeProfiles = '{}', propertySourceLocations = '{}', propertySourceProperties = '{}', contextCustomizers = set[[empty]], contextLoader = 'org.springframework.test.context.support.DelegatingSmartContextLoader', parent = [null]].
2019-03-08 13:59:07 DEBUG AbstractGenericContextLoader:109 - Loading ApplicationContext for merged context configuration [[MergedContextConfiguration@1ea3742 testClass = UserDaoTest, locations = '{classpath:/user.xml}', classes = '{}', contextInitializerClasses = '[]', activeProfiles = '{}', propertySourceLocations = '{}', propertySourceProperties = '{}', contextCustomizers = set[[empty]], contextLoader = 'org.springframework.test.context.support.DelegatingSmartContextLoader', parent = [null]]].
2019-03-08 13:59:07 DEBUG StandardEnvironment:252 - Activating profiles []
2019-03-08 13:59:08 DEBUG XmlBeanDefinitionReader:395 - Loaded 5 bean definitions from class path resource [user.xml]
2019-03-08 13:59:08 DEBUG GenericApplicationContext:594 - Refreshing org.springframework.context.support.GenericApplicationContext@10143d3
2019-03-08 13:59:08 DEBUG DefaultListableBeanFactory:213 - Creating shared instance of singleton bean 'org.springframework.context.annotation.internalConfigurationAnnotationProcessor'
2019-03-08 13:59:08 DEBUG DefaultListableBeanFactory:213 - Creating shared instance of singleton bean 'org.springframework.context.event.internalEventListenerProcessor'
2019-03-08 13:59:08 DEBUG DefaultListableBeanFactory:213 - Creating shared instance of singleton bean 'org.springframework.context.event.internalEventListenerFactory'
2019-03-08 13:59:09 DEBUG DefaultListableBeanFactory:213 - Creating shared instance of singleton bean 'org.springframework.context.annotation.internalAutowiredAnnotationProcessor'
2019-03-08 13:59:09 DEBUG DefaultListableBeanFactory:213 - Creating shared instance of singleton bean 'org.springframework.context.annotation.internalCommonAnnotationProcessor'
2019-03-08 13:59:09 DEBUG DefaultListableBeanFactory:213 - Creating shared instance of singleton bean 'org.springframework.aop.config.internalAutoProxyCreator'
2019-03-08 13:59:09 DEBUG DefaultListableBeanFactory:213 - Creating shared instance of singleton bean 'userDao'
2019-03-08 13:59:09 DEBUG DefaultListableBeanFactory:213 - Creating shared instance of singleton bean 'org.springframework.aop.aspectj.AspectJPointcutAdvisor#0'
2019-03-08 13:59:09 DEBUG DefaultListableBeanFactory:213 - Creating shared instance of singleton bean 'beforeAdvice'
2019-03-08 13:59:09 DEBUG DefaultCacheAwareContextLoaderDelegate:119 - Storing ApplicationContext in cache under key [[MergedContextConfiguration@1ea3742 testClass = UserDaoTest, locations = '{classpath:/user.xml}', classes = '{}', contextInitializerClasses = '[]', activeProfiles = '{}', propertySourceLocations = '{}', propertySourceProperties = '{}', contextCustomizers = set[[empty]], contextLoader = 'org.springframework.test.context.support.DelegatingSmartContextLoader', parent = [null]]]
2019-03-08 13:59:09 DEBUG cache:290 - Spring test ApplicationContext cache statistics: [DefaultContextCache@36eb5f size = 1, maxSize = 32, parentContextCount = 0, hitCount = 0, missCount = 1]
2019-03-08 13:59:09 DEBUG AbstractDirtiesContextTestExecutionListener:107 - Before test method: context [DefaultTestContext@102b3b1 testClass = UserDaoTest, testInstance = com.spring.aop.UserDaoTest@25a98f, testMethod = insert@UserDaoTest, testException = [null], mergedContextConfiguration = [MergedContextConfiguration@1ea3742 testClass = UserDaoTest, locations = '{classpath:/user.xml}', classes = '{}', contextInitializerClasses = '[]', activeProfiles = '{}', propertySourceLocations = '{}', propertySourceProperties = '{}', contextCustomizers = set[[empty]], contextLoader = 'org.springframework.test.context.support.DelegatingSmartContextLoader', parent = [null]], attributes = map[[empty]]], class annotated with @DirtiesContext [false] with mode [null], method annotated with @DirtiesContext [false] with mode [null].
2019-03-08 13:59:09  INFO BeforeAdvice:10 - 连接数据库。。。
2019-03-08 13:59:09  INFO BeforeAdvice:10 - 开始进入插入操作。。。
2019-03-08 13:59:09 DEBUG AbstractDirtiesContextTestExecutionListener:107 - After test method: context [DefaultTestContext@102b3b1 testClass = UserDaoTest, testInstance = com.spring.aop.UserDaoTest@25a98f, testMethod = insert@UserDaoTest, testException = [null], mergedContextConfiguration = [MergedContextConfiguration@1ea3742 testClass = UserDaoTest, locations = '{classpath:/user.xml}', classes = '{}', contextInitializerClasses = '[]', activeProfiles = '{}', propertySourceLocations = '{}', propertySourceProperties = '{}', contextCustomizers = set[[empty]], contextLoader = 'org.springframework.test.context.support.DelegatingSmartContextLoader', parent = [null]], attributes = map[[empty]]], class annotated with @DirtiesContext [false] with mode [null], method annotated with @DirtiesContext [false] with mode [null].
2019-03-08 13:59:09 DEBUG AbstractDirtiesContextTestExecutionListener:142 - After test class: context [DefaultTestContext@102b3b1 testClass = UserDaoTest, testInstance = [null], testMethod = [null], testException = [null], mergedContextConfiguration = [MergedContextConfiguration@1ea3742 testClass = UserDaoTest, locations = '{classpath:/user.xml}', classes = '{}', contextInitializerClasses = '[]', activeProfiles = '{}', propertySourceLocations = '{}', propertySourceProperties = '{}', contextCustomizers = set[[empty]], contextLoader = 'org.springframework.test.context.support.DelegatingSmartContextLoader', parent = [null]], attributes = map[[empty]]], class annotated with @DirtiesContext [false] with mode [null].
2019-03-08 13:59:09 DEBUG GenericApplicationContext:1002 - Closing org.springframework.context.support.GenericApplicationContext@10143d3, started on Fri Mar 08 13:59:08 CST 2019
2019-03-10 15:31:02 DEBUG SpringJUnit4ClassRunner:139 - SpringJUnit4ClassRunner constructor called with [class com.spring.aop.UserDaoTest]
2019-03-10 15:31:02 DEBUG BootstrapUtils:96 - Instantiating CacheAwareContextLoaderDelegate from class [org.springframework.test.context.cache.DefaultCacheAwareContextLoaderDelegate]
2019-03-10 15:31:02 DEBUG BootstrapUtils:79 - Instantiating BootstrapContext using constructor [public org.springframework.test.context.support.DefaultBootstrapContext(java.lang.Class,org.springframework.test.context.CacheAwareContextLoaderDelegate)]
2019-03-10 15:31:02 DEBUG BootstrapUtils:132 - Instantiating TestContextBootstrapper for test class [com.spring.aop.UserDaoTest] from class [org.springframework.test.context.support.DefaultTestContextBootstrapper]
2019-03-10 15:31:02 DEBUG AbstractDelegatingSmartContextLoader:263 - Delegating to GenericXmlContextLoader to process context configuration [ContextConfigurationAttributes@c7a4e4 declaringClass = 'com.spring.aop.UserDaoTest', classes = '{}', locations = '{/user.xml}', inheritLocations = true, initializers = '{}', inheritInitializers = true, name = [null], contextLoaderClass = 'org.springframework.test.context.ContextLoader'].
2019-03-10 15:31:02 DEBUG ActiveProfilesUtils:79 - Could not find an 'annotation declaring class' for annotation type [org.springframework.test.context.ActiveProfiles] and class [com.spring.aop.UserDaoTest]
2019-03-10 15:31:02 DEBUG DefaultTestContextBootstrapper:125 - @TestExecutionListeners is not present for class [com.spring.aop.UserDaoTest]: using defaults.
2019-03-10 15:31:02  INFO DefaultTestContextBootstrapper:248 - Loaded default TestExecutionListener class names from location [META-INF/spring.factories]: [org.springframework.test.context.web.ServletTestExecutionListener, org.springframework.test.context.support.DirtiesContextBeforeModesTestExecutionListener, org.springframework.test.context.support.DependencyInjectionTestExecutionListener, org.springframework.test.context.support.DirtiesContextTestExecutionListener, org.springframework.test.context.transaction.TransactionalTestExecutionListener, org.springframework.test.context.jdbc.SqlScriptsTestExecutionListener]
2019-03-10 15:31:02 DEBUG DefaultTestContextBootstrapper:192 - Skipping candidate TestExecutionListener [org.springframework.test.context.web.ServletTestExecutionListener] due to a missing dependency. Specify custom listener classes or make the default listener classes and their required dependencies available. Offending class: [javax/servlet/ServletContext]
2019-03-10 15:31:02 DEBUG DefaultTestContextBootstrapper:192 - Skipping candidate TestExecutionListener [org.springframework.test.context.transaction.TransactionalTestExecutionListener] due to a missing dependency. Specify custom listener classes or make the default listener classes and their required dependencies available. Offending class: [org/springframework/transaction/TransactionDefinition]
2019-03-10 15:31:02 DEBUG DefaultTestContextBootstrapper:192 - Skipping candidate TestExecutionListener [org.springframework.test.context.jdbc.SqlScriptsTestExecutionListener] due to a missing dependency. Specify custom listener classes or make the default listener classes and their required dependencies available. Offending class: [org/springframework/transaction/interceptor/TransactionAttribute]
2019-03-10 15:31:02  INFO DefaultTestContextBootstrapper:177 - Using TestExecutionListeners: [org.springframework.test.context.support.DirtiesContextBeforeModesTestExecutionListener@13b32d7, org.springframework.test.context.support.DependencyInjectionTestExecutionListener@42a311, org.springframework.test.context.support.DirtiesContextTestExecutionListener@8e7350]
2019-03-10 15:31:02 DEBUG ProfileValueUtils:70 - Retrieved @ProfileValueSourceConfiguration [null] for test class [com.spring.aop.UserDaoTest]
2019-03-10 15:31:02 DEBUG ProfileValueUtils:83 - Retrieved ProfileValueSource type [class org.springframework.test.annotation.SystemProfileValueSource] for class [com.spring.aop.UserDaoTest]
2019-03-10 15:31:03 DEBUG ProfileValueUtils:70 - Retrieved @ProfileValueSourceConfiguration [null] for test class [com.spring.aop.UserDaoTest]
2019-03-10 15:31:03 DEBUG ProfileValueUtils:83 - Retrieved ProfileValueSource type [class org.springframework.test.annotation.SystemProfileValueSource] for class [com.spring.aop.UserDaoTest]
2019-03-10 15:31:03 DEBUG ProfileValueUtils:70 - Retrieved @ProfileValueSourceConfiguration [null] for test class [com.spring.aop.UserDaoTest]
2019-03-10 15:31:03 DEBUG ProfileValueUtils:83 - Retrieved ProfileValueSource type [class org.springframework.test.annotation.SystemProfileValueSource] for class [com.spring.aop.UserDaoTest]
2019-03-10 15:31:03 DEBUG ProfileValueUtils:70 - Retrieved @ProfileValueSourceConfiguration [null] for test class [com.spring.aop.UserDaoTest]
2019-03-10 15:31:03 DEBUG ProfileValueUtils:83 - Retrieved ProfileValueSource type [class org.springframework.test.annotation.SystemProfileValueSource] for class [com.spring.aop.UserDaoTest]
2019-03-10 15:31:03 DEBUG AbstractDirtiesContextTestExecutionListener:142 - Before test class: context [DefaultTestContext@102b3b1 testClass = UserDaoTest, testInstance = [null], testMethod = [null], testException = [null], mergedContextConfiguration = [MergedContextConfiguration@1ea3742 testClass = UserDaoTest, locations = '{classpath:/user.xml}', classes = '{}', contextInitializerClasses = '[]', activeProfiles = '{}', propertySourceLocations = '{}', propertySourceProperties = '{}', contextCustomizers = set[[empty]], contextLoader = 'org.springframework.test.context.support.DelegatingSmartContextLoader', parent = [null]], attributes = map[[empty]]], class annotated with @DirtiesContext [false] with mode [null].
2019-03-10 15:31:03 DEBUG ProfileValueUtils:70 - Retrieved @ProfileValueSourceConfiguration [null] for test class [com.spring.aop.UserDaoTest]
2019-03-10 15:31:03 DEBUG ProfileValueUtils:83 - Retrieved ProfileValueSource type [class org.springframework.test.annotation.SystemProfileValueSource] for class [com.spring.aop.UserDaoTest]
2019-03-10 15:31:03 DEBUG DependencyInjectionTestExecutionListener:81 - Performing dependency injection for test context [[DefaultTestContext@102b3b1 testClass = UserDaoTest, testInstance = com.spring.aop.UserDaoTest@25a98f, testMethod = [null], testException = [null], mergedContextConfiguration = [MergedContextConfiguration@1ea3742 testClass = UserDaoTest, locations = '{classpath:/user.xml}', classes = '{}', contextInitializerClasses = '[]', activeProfiles = '{}', propertySourceLocations = '{}', propertySourceProperties = '{}', contextCustomizers = set[[empty]], contextLoader = 'org.springframework.test.context.support.DelegatingSmartContextLoader', parent = [null]], attributes = map[[empty]]]].
2019-03-10 15:31:03 DEBUG AbstractDelegatingSmartContextLoader:273 - Delegating to GenericXmlContextLoader to load context from [MergedContextConfiguration@1ea3742 testClass = UserDaoTest, locations = '{classpath:/user.xml}', classes = '{}', contextInitializerClasses = '[]', activeProfiles = '{}', propertySourceLocations = '{}', propertySourceProperties = '{}', contextCustomizers = set[[empty]], contextLoader = 'org.springframework.test.context.support.DelegatingSmartContextLoader', parent = [null]].
2019-03-10 15:31:03 DEBUG AbstractGenericContextLoader:109 - Loading ApplicationContext for merged context configuration [[MergedContextConfiguration@1ea3742 testClass = UserDaoTest, locations = '{classpath:/user.xml}', classes = '{}', contextInitializerClasses = '[]', activeProfiles = '{}', propertySourceLocations = '{}', propertySourceProperties = '{}', contextCustomizers = set[[empty]], contextLoader = 'org.springframework.test.context.support.DelegatingSmartContextLoader', parent = [null]]].
2019-03-10 15:31:03 DEBUG StandardEnvironment:252 - Activating profiles []
2019-03-10 15:31:03 DEBUG XmlBeanDefinitionReader:395 - Loaded 5 bean definitions from class path resource [user.xml]
2019-03-10 15:31:03 DEBUG GenericApplicationContext:594 - Refreshing org.springframework.context.support.GenericApplicationContext@10143d3
2019-03-10 15:31:03 DEBUG DefaultListableBeanFactory:213 - Creating shared instance of singleton bean 'org.springframework.context.annotation.internalConfigurationAnnotationProcessor'
2019-03-10 15:31:03 DEBUG DefaultListableBeanFactory:213 - Creating shared instance of singleton bean 'org.springframework.context.event.internalEventListenerProcessor'
2019-03-10 15:31:03 DEBUG DefaultListableBeanFactory:213 - Creating shared instance of singleton bean 'org.springframework.context.event.internalEventListenerFactory'
2019-03-10 15:31:03 DEBUG DefaultListableBeanFactory:213 - Creating shared instance of singleton bean 'org.springframework.context.annotation.internalAutowiredAnnotationProcessor'
2019-03-10 15:31:03 DEBUG DefaultListableBeanFactory:213 - Creating shared instance of singleton bean 'org.springframework.context.annotation.internalCommonAnnotationProcessor'
2019-03-10 15:31:03 DEBUG DefaultListableBeanFactory:213 - Creating shared instance of singleton bean 'org.springframework.aop.config.internalAutoProxyCreator'
2019-03-10 15:31:03 DEBUG DefaultListableBeanFactory:213 - Creating shared instance of singleton bean 'userDao'
2019-03-10 15:31:03 DEBUG DefaultListableBeanFactory:213 - Creating shared instance of singleton bean 'org.springframework.aop.aspectj.AspectJPointcutAdvisor#0'
2019-03-10 15:31:04 DEBUG DefaultListableBeanFactory:213 - Creating shared instance of singleton bean 'beforeAdvice'
2019-03-10 15:31:04 DEBUG DefaultCacheAwareContextLoaderDelegate:119 - Storing ApplicationContext in cache under key [[MergedContextConfiguration@1ea3742 testClass = UserDaoTest, locations = '{classpath:/user.xml}', classes = '{}', contextInitializerClasses = '[]', activeProfiles = '{}', propertySourceLocations = '{}', propertySourceProperties = '{}', contextCustomizers = set[[empty]], contextLoader = 'org.springframework.test.context.support.DelegatingSmartContextLoader', parent = [null]]]
2019-03-10 15:31:04 DEBUG cache:290 - Spring test ApplicationContext cache statistics: [DefaultContextCache@36eb5f size = 1, maxSize = 32, parentContextCount = 0, hitCount = 0, missCount = 1]
2019-03-10 15:31:04 DEBUG AbstractDirtiesContextTestExecutionListener:107 - Before test method: context [DefaultTestContext@102b3b1 testClass = UserDaoTest, testInstance = com.spring.aop.UserDaoTest@25a98f, testMethod = insert@UserDaoTest, testException = [null], mergedContextConfiguration = [MergedContextConfiguration@1ea3742 testClass = UserDaoTest, locations = '{classpath:/user.xml}', classes = '{}', contextInitializerClasses = '[]', activeProfiles = '{}', propertySourceLocations = '{}', propertySourceProperties = '{}', contextCustomizers = set[[empty]], contextLoader = 'org.springframework.test.context.support.DelegatingSmartContextLoader', parent = [null]], attributes = map[[empty]]], class annotated with @DirtiesContext [false] with mode [null], method annotated with @DirtiesContext [false] with mode [null].
2019-03-10 15:31:04  INFO BeforeAdvice:10 - 连接数据库。。。
2019-03-10 15:31:04  INFO BeforeAdvice:10 - 开始进入插入操作。。。
2019-03-10 15:31:04 DEBUG AbstractDirtiesContextTestExecutionListener:107 - After test method: context [DefaultTestContext@102b3b1 testClass = UserDaoTest, testInstance = com.spring.aop.UserDaoTest@25a98f, testMethod = insert@UserDaoTest, testException = [null], mergedContextConfiguration = [MergedContextConfiguration@1ea3742 testClass = UserDaoTest, locations = '{classpath:/user.xml}', classes = '{}', contextInitializerClasses = '[]', activeProfiles = '{}', propertySourceLocations = '{}', propertySourceProperties = '{}', contextCustomizers = set[[empty]], contextLoader = 'org.springframework.test.context.support.DelegatingSmartContextLoader', parent = [null]], attributes = map[[empty]]], class annotated with @DirtiesContext [false] with mode [null], method annotated with @DirtiesContext [false] with mode [null].
2019-03-10 15:31:04 DEBUG AbstractDirtiesContextTestExecutionListener:142 - After test class: context [DefaultTestContext@102b3b1 testClass = UserDaoTest, testInstance = [null], testMethod = [null], testException = [null], mergedContextConfiguration = [MergedContextConfiguration@1ea3742 testClass = UserDaoTest, locations = '{classpath:/user.xml}', classes = '{}', contextInitializerClasses = '[]', activeProfiles = '{}', propertySourceLocations = '{}', propertySourceProperties = '{}', contextCustomizers = set[[empty]], contextLoader = 'org.springframework.test.context.support.DelegatingSmartContextLoader', parent = [null]], attributes = map[[empty]]], class annotated with @DirtiesContext [false] with mode [null].
2019-03-10 15:31:04 DEBUG GenericApplicationContext:1002 - Closing org.springframework.context.support.GenericApplicationContext@10143d3, started on Sun Mar 10 15:31:03 CST 2019
2019-03-11 08:31:15 DEBUG SpringJUnit4ClassRunner:139 - SpringJUnit4ClassRunner constructor called with [class com.spring.aop.UserDaoTest]
2019-03-11 08:31:15 DEBUG BootstrapUtils:96 - Instantiating CacheAwareContextLoaderDelegate from class [org.springframework.test.context.cache.DefaultCacheAwareContextLoaderDelegate]
2019-03-11 08:31:15 DEBUG BootstrapUtils:79 - Instantiating BootstrapContext using constructor [public org.springframework.test.context.support.DefaultBootstrapContext(java.lang.Class,org.springframework.test.context.CacheAwareContextLoaderDelegate)]
2019-03-11 08:31:15 DEBUG BootstrapUtils:132 - Instantiating TestContextBootstrapper for test class [com.spring.aop.UserDaoTest] from class [org.springframework.test.context.support.DefaultTestContextBootstrapper]
2019-03-11 08:31:15 DEBUG AbstractDelegatingSmartContextLoader:263 - Delegating to GenericXmlContextLoader to process context configuration [ContextConfigurationAttributes@c7a4e4 declaringClass = 'com.spring.aop.UserDaoTest', classes = '{}', locations = '{/user.xml}', inheritLocations = true, initializers = '{}', inheritInitializers = true, name = [null], contextLoaderClass = 'org.springframework.test.context.ContextLoader'].
2019-03-11 08:31:16 DEBUG ActiveProfilesUtils:79 - Could not find an 'annotation declaring class' for annotation type [org.springframework.test.context.ActiveProfiles] and class [com.spring.aop.UserDaoTest]
2019-03-11 08:31:16 DEBUG DefaultTestContextBootstrapper:125 - @TestExecutionListeners is not present for class [com.spring.aop.UserDaoTest]: using defaults.
2019-03-11 08:31:16  INFO DefaultTestContextBootstrapper:248 - Loaded default TestExecutionListener class names from location [META-INF/spring.factories]: [org.springframework.test.context.web.ServletTestExecutionListener, org.springframework.test.context.support.DirtiesContextBeforeModesTestExecutionListener, org.springframework.test.context.support.DependencyInjectionTestExecutionListener, org.springframework.test.context.support.DirtiesContextTestExecutionListener, org.springframework.test.context.transaction.TransactionalTestExecutionListener, org.springframework.test.context.jdbc.SqlScriptsTestExecutionListener]
2019-03-11 08:31:16 DEBUG DefaultTestContextBootstrapper:192 - Skipping candidate TestExecutionListener [org.springframework.test.context.web.ServletTestExecutionListener] due to a missing dependency. Specify custom listener classes or make the default listener classes and their required dependencies available. Offending class: [javax/servlet/ServletContext]
2019-03-11 08:31:16 DEBUG DefaultTestContextBootstrapper:192 - Skipping candidate TestExecutionListener [org.springframework.test.context.transaction.TransactionalTestExecutionListener] due to a missing dependency. Specify custom listener classes or make the default listener classes and their required dependencies available. Offending class: [org/springframework/transaction/TransactionDefinition]
2019-03-11 08:31:16 DEBUG DefaultTestContextBootstrapper:192 - Skipping candidate TestExecutionListener [org.springframework.test.context.jdbc.SqlScriptsTestExecutionListener] due to a missing dependency. Specify custom listener classes or make the default listener classes and their required dependencies available. Offending class: [org/springframework/transaction/interceptor/TransactionAttribute]
2019-03-11 08:31:16  INFO DefaultTestContextBootstrapper:177 - Using TestExecutionListeners: [org.springframework.test.context.support.DirtiesContextBeforeModesTestExecutionListener@13b32d7, org.springframework.test.context.support.DependencyInjectionTestExecutionListener@42a311, org.springframework.test.context.support.DirtiesContextTestExecutionListener@8e7350]
2019-03-11 08:31:16 DEBUG ProfileValueUtils:70 - Retrieved @ProfileValueSourceConfiguration [null] for test class [com.spring.aop.UserDaoTest]
2019-03-11 08:31:16 DEBUG ProfileValueUtils:83 - Retrieved ProfileValueSource type [class org.springframework.test.annotation.SystemProfileValueSource] for class [com.spring.aop.UserDaoTest]
2019-03-11 08:31:16 DEBUG ProfileValueUtils:70 - Retrieved @ProfileValueSourceConfiguration [null] for test class [com.spring.aop.UserDaoTest]
2019-03-11 08:31:16 DEBUG ProfileValueUtils:83 - Retrieved ProfileValueSource type [class org.springframework.test.annotation.SystemProfileValueSource] for class [com.spring.aop.UserDaoTest]
2019-03-11 08:31:16 DEBUG ProfileValueUtils:70 - Retrieved @ProfileValueSourceConfiguration [null] for test class [com.spring.aop.UserDaoTest]
2019-03-11 08:31:16 DEBUG ProfileValueUtils:83 - Retrieved ProfileValueSource type [class org.springframework.test.annotation.SystemProfileValueSource] for class [com.spring.aop.UserDaoTest]
2019-03-11 08:31:16 DEBUG ProfileValueUtils:70 - Retrieved @ProfileValueSourceConfiguration [null] for test class [com.spring.aop.UserDaoTest]
2019-03-11 08:31:16 DEBUG ProfileValueUtils:83 - Retrieved ProfileValueSource type [class org.springframework.test.annotation.SystemProfileValueSource] for class [com.spring.aop.UserDaoTest]
2019-03-11 08:31:16 DEBUG AbstractDirtiesContextTestExecutionListener:142 - Before test class: context [DefaultTestContext@102b3b1 testClass = UserDaoTest, testInstance = [null], testMethod = [null], testException = [null], mergedContextConfiguration = [MergedContextConfiguration@1ea3742 testClass = UserDaoTest, locations = '{classpath:/user.xml}', classes = '{}', contextInitializerClasses = '[]', activeProfiles = '{}', propertySourceLocations = '{}', propertySourceProperties = '{}', contextCustomizers = set[[empty]], contextLoader = 'org.springframework.test.context.support.DelegatingSmartContextLoader', parent = [null]], attributes = map[[empty]]], class annotated with @DirtiesContext [false] with mode [null].
2019-03-11 08:31:16 DEBUG ProfileValueUtils:70 - Retrieved @ProfileValueSourceConfiguration [null] for test class [com.spring.aop.UserDaoTest]
2019-03-11 08:31:16 DEBUG ProfileValueUtils:83 - Retrieved ProfileValueSource type [class org.springframework.test.annotation.SystemProfileValueSource] for class [com.spring.aop.UserDaoTest]
2019-03-11 08:31:16 DEBUG DependencyInjectionTestExecutionListener:81 - Performing dependency injection for test context [[DefaultTestContext@102b3b1 testClass = UserDaoTest, testInstance = com.spring.aop.UserDaoTest@25a98f, testMethod = [null], testException = [null], mergedContextConfiguration = [MergedContextConfiguration@1ea3742 testClass = UserDaoTest, locations = '{classpath:/user.xml}', classes = '{}', contextInitializerClasses = '[]', activeProfiles = '{}', propertySourceLocations = '{}', propertySourceProperties = '{}', contextCustomizers = set[[empty]], contextLoader = 'org.springframework.test.context.support.DelegatingSmartContextLoader', parent = [null]], attributes = map[[empty]]]].
2019-03-11 08:31:16 DEBUG AbstractDelegatingSmartContextLoader:273 - Delegating to GenericXmlContextLoader to load context from [MergedContextConfiguration@1ea3742 testClass = UserDaoTest, locations = '{classpath:/user.xml}', classes = '{}', contextInitializerClasses = '[]', activeProfiles = '{}', propertySourceLocations = '{}', propertySourceProperties = '{}', contextCustomizers = set[[empty]], contextLoader = 'org.springframework.test.context.support.DelegatingSmartContextLoader', parent = [null]].
2019-03-11 08:31:16 DEBUG AbstractGenericContextLoader:109 - Loading ApplicationContext for merged context configuration [[MergedContextConfiguration@1ea3742 testClass = UserDaoTest, locations = '{classpath:/user.xml}', classes = '{}', contextInitializerClasses = '[]', activeProfiles = '{}', propertySourceLocations = '{}', propertySourceProperties = '{}', contextCustomizers = set[[empty]], contextLoader = 'org.springframework.test.context.support.DelegatingSmartContextLoader', parent = [null]]].
2019-03-11 08:31:16 DEBUG StandardEnvironment:252 - Activating profiles []
2019-03-11 08:31:16 DEBUG XmlBeanDefinitionReader:395 - Loaded 5 bean definitions from class path resource [user.xml]
2019-03-11 08:31:16 DEBUG GenericApplicationContext:594 - Refreshing org.springframework.context.support.GenericApplicationContext@10143d3
2019-03-11 08:31:16 DEBUG DefaultListableBeanFactory:213 - Creating shared instance of singleton bean 'org.springframework.context.annotation.internalConfigurationAnnotationProcessor'
2019-03-11 08:31:17 DEBUG DefaultListableBeanFactory:213 - Creating shared instance of singleton bean 'org.springframework.context.event.internalEventListenerProcessor'
2019-03-11 08:31:17 DEBUG DefaultListableBeanFactory:213 - Creating shared instance of singleton bean 'org.springframework.context.event.internalEventListenerFactory'
2019-03-11 08:31:17 DEBUG DefaultListableBeanFactory:213 - Creating shared instance of singleton bean 'org.springframework.context.annotation.internalAutowiredAnnotationProcessor'
2019-03-11 08:31:17 DEBUG DefaultListableBeanFactory:213 - Creating shared instance of singleton bean 'org.springframework.context.annotation.internalCommonAnnotationProcessor'
2019-03-11 08:31:17 DEBUG DefaultListableBeanFactory:213 - Creating shared instance of singleton bean 'org.springframework.aop.config.internalAutoProxyCreator'
2019-03-11 08:31:17 DEBUG DefaultListableBeanFactory:213 - Creating shared instance of singleton bean 'userDao'
2019-03-11 08:31:17 DEBUG DefaultListableBeanFactory:213 - Creating shared instance of singleton bean 'org.springframework.aop.aspectj.AspectJPointcutAdvisor#0'
2019-03-11 08:31:17 DEBUG DefaultListableBeanFactory:213 - Creating shared instance of singleton bean 'beforeAdvice'
2019-03-11 08:31:17 DEBUG DefaultCacheAwareContextLoaderDelegate:119 - Storing ApplicationContext in cache under key [[MergedContextConfiguration@1ea3742 testClass = UserDaoTest, locations = '{classpath:/user.xml}', classes = '{}', contextInitializerClasses = '[]', activeProfiles = '{}', propertySourceLocations = '{}', propertySourceProperties = '{}', contextCustomizers = set[[empty]], contextLoader = 'org.springframework.test.context.support.DelegatingSmartContextLoader', parent = [null]]]
2019-03-11 08:31:17 DEBUG cache:290 - Spring test ApplicationContext cache statistics: [DefaultContextCache@36eb5f size = 1, maxSize = 32, parentContextCount = 0, hitCount = 0, missCount = 1]
2019-03-11 08:31:17 DEBUG AbstractDirtiesContextTestExecutionListener:107 - Before test method: context [DefaultTestContext@102b3b1 testClass = UserDaoTest, testInstance = com.spring.aop.UserDaoTest@25a98f, testMethod = insert@UserDaoTest, testException = [null], mergedContextConfiguration = [MergedContextConfiguration@1ea3742 testClass = UserDaoTest, locations = '{classpath:/user.xml}', classes = '{}', contextInitializerClasses = '[]', activeProfiles = '{}', propertySourceLocations = '{}', propertySourceProperties = '{}', contextCustomizers = set[[empty]], contextLoader = 'org.springframework.test.context.support.DelegatingSmartContextLoader', parent = [null]], attributes = map[[empty]]], class annotated with @DirtiesContext [false] with mode [null], method annotated with @DirtiesContext [false] with mode [null].
2019-03-11 08:31:17  INFO BeforeAdvice:10 - 连接数据库。。。
2019-03-11 08:31:17  INFO BeforeAdvice:10 - 开始进入插入操作。。。
2019-03-11 08:31:17 DEBUG AbstractDirtiesContextTestExecutionListener:107 - After test method: context [DefaultTestContext@102b3b1 testClass = UserDaoTest, testInstance = com.spring.aop.UserDaoTest@25a98f, testMethod = insert@UserDaoTest, testException = [null], mergedContextConfiguration = [MergedContextConfiguration@1ea3742 testClass = UserDaoTest, locations = '{classpath:/user.xml}', classes = '{}', contextInitializerClasses = '[]', activeProfiles = '{}', propertySourceLocations = '{}', propertySourceProperties = '{}', contextCustomizers = set[[empty]], contextLoader = 'org.springframework.test.context.support.DelegatingSmartContextLoader', parent = [null]], attributes = map[[empty]]], class annotated with @DirtiesContext [false] with mode [null], method annotated with @DirtiesContext [false] with mode [null].
2019-03-11 08:31:17 DEBUG AbstractDirtiesContextTestExecutionListener:142 - After test class: context [DefaultTestContext@102b3b1 testClass = UserDaoTest, testInstance = [null], testMethod = [null], testException = [null], mergedContextConfiguration = [MergedContextConfiguration@1ea3742 testClass = UserDaoTest, locations = '{classpath:/user.xml}', classes = '{}', contextInitializerClasses = '[]', activeProfiles = '{}', propertySourceLocations = '{}', propertySourceProperties = '{}', contextCustomizers = set[[empty]], contextLoader = 'org.springframework.test.context.support.DelegatingSmartContextLoader', parent = [null]], attributes = map[[empty]]], class annotated with @DirtiesContext [false] with mode [null].
2019-03-11 08:31:17 DEBUG GenericApplicationContext:1002 - Closing org.springframework.context.support.GenericApplicationContext@10143d3, started on Mon Mar 11 08:31:16 CST 2019
